<?xml version="1.0" encoding="UTF-8"?>
<testng-results ignored="0" total="1" passed="1" failed="0" skipped="0">
  <reporter-output>
  </reporter-output>
  <suite started-at="2022-02-03T18:18:47 IST" name="Default suite" finished-at="2022-02-03T18:18:56 IST" duration-ms="8500">
    <groups>
    </groups>
    <test started-at="2022-02-03T18:18:47 IST" name="Default test" finished-at="2022-02-03T18:18:56 IST" duration-ms="8500">
      <class name="challenge.part3">
        <test-method is-config="true" signature="setDriver()[pri:0, instance:challenge.part3@18d87d80]" started-at="2022-02-03T18:18:47 IST" name="setDriver" finished-at="2022-02-03T18:18:52 IST" duration-ms="5096" status="PASS">
          <reporter-output>
          </reporter-output>
        </test-method> <!-- setDriver -->
        <test-method signature="addProduct()[pri:0, instance:challenge.part3@18d87d80]" started-at="2022-02-03T18:18:53 IST" name="addProduct" finished-at="2022-02-03T18:18:55 IST" duration-ms="2801" status="PASS">
          <reporter-output>
          </reporter-output>
        </test-method> <!-- addProduct -->
        <test-method is-config="true" signature="tearDown()[pri:0, instance:challenge.part3@18d87d80]" started-at="2022-02-03T18:18:55 IST" name="tearDown" finished-at="2022-02-03T18:18:56 IST" duration-ms="536" status="PASS">
          <reporter-output>
          </reporter-output>
        </test-method> <!-- tearDown -->
      </class> <!-- challenge.part3 -->
    </test> <!-- Default test -->
  </suite> <!-- Default suite -->
</testng-results>
